Logger started at: Tuesday, April 1, 2014 2:12:53 PM EDT
Component: com.appcelerator.titanium.ios.core
Version: 1.0.0.1388991145
[12:53.139] Sent: >21*1396375973119*version<
[12:53.140] Recv: >1396375973119*2*3.2.2.GA<
[12:53.155] Sent: >20*1396375973120*update<
[12:53.156] Recv: >1396375973120*3.2.2.GA<
[12:53.156] Sent: >45*1396375973121*option*stepFiltersEnabled*false<
[12:53.157] Recv: >1396375973121<
[12:53.157] Sent: >36*1396375973122*option*monitorXHR*true<
[12:53.157] Recv: >1396375973122<
[12:53.158] Sent: >45*1396375973123*option*suspendOnFirstLine*false<
[12:53.158] Recv: >1396375973123<
[12:53.158] Sent: >46*1396375973124*option*suspendOnExceptions*false<
[12:53.159] Recv: >1396375973124<
[12:53.159] Sent: >41*1396375973125*option*suspendOnErrors*true<
[12:53.159] Recv: >1396375973125<
[12:53.159] Sent: >43*1396375973126*option*suspendOnKeywords*true<
[12:53.160] Recv: >1396375973126<
[12:53.160] Sent: >45*1396375973127*option*bypassConstructors*false<
[12:53.160] Recv: >1396375973127<
[12:53.160] Sent: >45*1396375973128*option*stepFiltersEnabled*false<
[12:53.161] Recv: >1396375973128<
[12:53.161] Sent: >30*1396375973129*detailFormatters<
[12:53.161] Recv: >1396375973129<
[12:53.161] Sent: >20*1396375973130*enable<
[12:53.162] Recv: >1396375973130<
[12:53.163] Recv: >threads*created*0*kroll$1<
[12:53.165] Recv: >log*out*[DEBUG] Analytics is enabled = YES<
[12:53.166] Recv: >log*out*[DEBUG] Loading: /Users/MikeAurin/Library/Application Support/iPhone Simulator/7.1/Applications/6F41A198-6196-4294-9AC4-FC4AA25217A5/VFWTest.app/app.js, Resource: app_js<
[12:53.166] Recv: >scripts*created*317773824|app:/app.js||1|65<
[12:53.166] Recv: >resumed*0*started<
[12:53.167] Recv: >log*out*[DEBUG] Loading: /Users/MikeAurin/Library/Application Support/iPhone Simulator/7.1/Applications/6F41A198-6196-4294-9AC4-FC4AA25217A5/VFWTest.app/_app_props_.json, Resource: _app_props__json<
[12:53.241] Recv: >log*out*[DEBUG] Application booted in 340.403974 ms<
----------End of file----------
